#
# There is insufficient memory for the Java Runtime Environment to continue.
# Native memory allocation (mmap) failed to map 12582912 bytes. Error detail: G1 virtual space
# Possible reasons:
#   The system is out of physical RAM or swap space
#   This process is running with CompressedOops enabled, and the Java Heap may be blocking the growth of the native heap
# Possible solutions:
#   Reduce memory load on the system
#   Increase physical memory or swap space
#   Check if swap backing store is full
#   Decrease Java heap size (-Xmx/-Xms)
#   Decrease number of Java threads
#   Decrease Java thread stack sizes (-Xss)
#   Set larger code cache with -XX:ReservedCodeCacheSize=
#   JVM is running with Unscaled Compressed Oops mode in which the Java heap is
#     placed in the first 4GB address space. The Java Heap base address is the
#     maximum limit for the native heap growth. Please use -XX:HeapBaseMinAddress
#     to set the Java Heap base and to place the Java Heap above 4GB virtual address.
# This output file may be truncated or incomplete.
#
#  Out of Memory Error (os_windows.cpp:3686), pid=24332, tid=15472
#
# JRE version: OpenJDK Runtime Environment Temurin-21.0.7+6 (21.0.7+6) (build 21.0.7+6-LTS)
# Java VM: OpenJDK 64-Bit Server VM Temurin-21.0.7+6 (21.0.7+6-LTS, mixed mode, emulated-client, sharing, tiered, compressed oops, compressed class ptrs, g1 gc, windows-amd64)
# No core dump will be written. Minidumps are not enabled by default on client versions of Windows
#

---------------  S U M M A R Y ------------

Command Line: -XX:TieredStopAtLevel=1 com.iridian.movie.social.MovieSocialAppApplication

Host: AMD Ryzen 5 5625U with Radeon Graphics         , 12 cores, 7G,  Windows 11 , 64 bit Build 26100 (10.0.26100.4484)
Time: Fri Aug 15 02:13:24 2025 Eastern Daylight Time elapsed time: 6.587264 seconds (0d 0h 0m 6s)

---------------  T H R E A D  ---------------

Current thread (0x000001f11060d7f0):  VMThread "VM Thread"          [id=15472, stack(0x000000ad4e100000,0x000000ad4e200000) (1024K)]

Stack: [0x000000ad4e100000,0x000000ad4e200000]
Native frames: (J=compiled Java code, j=interpreted, Vv=VM code, C=native code)
V  [jvm.dll+0x6ce119]
V  [jvm.dll+0x8a84a1]
V  [jvm.dll+0x8aa9ce]
V  [jvm.dll+0x8ab0b3]
V  [jvm.dll+0x27f8a6]
V  [jvm.dll+0x6ca945]
V  [jvm.dll+0x6bebea]
V  [jvm.dll+0x355eca]
V  [jvm.dll+0x35da96]
V  [jvm.dll+0x3af72e]
V  [jvm.dll+0x3af9d8]
V  [jvm.dll+0x32a05c]
V  [jvm.dll+0x32a0e7]
V  [jvm.dll+0x36deac]
V  [jvm.dll+0x36c6f8]
V  [jvm.dll+0x329821]
V  [jvm.dll+0x36bd6a]
V  [jvm.dll+0x8b0dcf]
V  [jvm.dll+0x8b2154]
V  [jvm.dll+0x8b2690]
V  [jvm.dll+0x8b2933]
V  [jvm.dll+0x851f6b]
V  [jvm.dll+0x6cc7dd]
C  [ucrtbase.dll+0x37b0]
C  [KERNEL32.DLL+0x2e8d7]
C  [ntdll.dll+0x3c34c]

VM_Operation (0x000000ad4effb840): G1CollectForAllocation, mode: safepoint, requested by thread 0x000001f16931be80


---------------  P R O C E S S  ---------------

Threads class SMR info:
_java_thread_list=0x000001f16aa85a10, length=18, elements={
0x000001f112a77940, 0x000001f122de02b0, 0x000001f122de0eb0, 0x000001f122de3e50,
0x000001f122de4b00, 0x000001f122de6a70, 0x000001f123678090, 0x000001f1236999e0,
0x000001f1237224a0, 0x000001f1237d1da0, 0x000001f1237d45d0, 0x000001f1692d89c0,
0x000001f1692d9060, 0x000001f1696a70b0, 0x000001f16931be80, 0x000001f16a6462e0,
0x000001f16a70f380, 0x000001f16a6bdd10
}

Java Threads: ( => current thread )
  0x000001f112a77940 JavaThread "main"                              [_thread_blocked, id=29580, stack(0x000000ad4da00000,0x000000ad4db00000) (1024K)]
  0x000001f122de02b0 JavaThread "Reference Handler"          daemon [_thread_blocked, id=32048, stack(0x000000ad4e200000,0x000000ad4e300000) (1024K)]
  0x000001f122de0eb0 JavaThread "Finalizer"                  daemon [_thread_blocked, id=26264, stack(0x000000ad4e300000,0x000000ad4e400000) (1024K)]
  0x000001f122de3e50 JavaThread "Signal Dispatcher"          daemon [_thread_blocked, id=32160, stack(0x000000ad4e400000,0x000000ad4e500000) (1024K)]
  0x000001f122de4b00 JavaThread "Attach Listener"            daemon [_thread_blocked, id=10340, stack(0x000000ad4e500000,0x000000ad4e600000) (1024K)]
  0x000001f122de6a70 JavaThread "Service Thread"             daemon [_thread_blocked, id=5236, stack(0x000000ad4e600000,0x000000ad4e700000) (1024K)]
  0x000001f123678090 JavaThread "Monitor Deflation Thread"   daemon [_thread_blocked, id=28436, stack(0x000000ad4e700000,0x000000ad4e800000) (1024K)]
  0x000001f1236999e0 JavaThread "C1 CompilerThread0"         daemon [_thread_blocked, id=9716, stack(0x000000ad4e800000,0x000000ad4e900000) (1024K)]
  0x000001f1237224a0 JavaThread "C1 CompilerThread1"         daemon [_thread_blocked, id=33008, stack(0x000000ad4e900000,0x000000ad4ea00000) (1024K)]
  0x000001f1237d1da0 JavaThread "Notification Thread"        daemon [_thread_blocked, id=31460, stack(0x000000ad4ea00000,0x000000ad4eb00000) (1024K)]
  0x000001f1237d45d0 JavaThread "Common-Cleaner"             daemon [_thread_blocked, id=30600, stack(0x000000ad4eb00000,0x000000ad4ec00000) (1024K)]
  0x000001f1692d89c0 JavaThread "C1 CompilerThread2"         daemon [_thread_blocked, id=30256, stack(0x000000ad4ec00000,0x000000ad4ed00000) (1024K)]
  0x000001f1692d9060 JavaThread "C1 CompilerThread3"         daemon [_thread_blocked, id=34752, stack(0x000000ad4ed00000,0x000000ad4ee00000) (1024K)]
  0x000001f1696a70b0 JavaThread "Thread-0"                          [_thread_blocked, id=33592, stack(0x000000ad4ee00000,0x000000ad4ef00000) (1024K)]
  0x000001f16931be80 JavaThread "restartedMain"                     [_thread_blocked, id=4256, stack(0x000000ad4ef00000,0x000000ad4f000000) (1024K)]
  0x000001f16a6462e0 JavaThread "Catalina-utility-1"                [_thread_blocked, id=5156, stack(0x000000ad4fb00000,0x000000ad4fc00000) (1024K)]
  0x000001f16a70f380 JavaThread "Catalina-utility-2"                [_thread_blocked, id=27332, stack(0x000000ad4fc00000,0x000000ad4fd00000) (1024K)]
  0x000001f16a6bdd10 JavaThread "container-0"                       [_thread_blocked, id=1428, stack(0x000000ad4fd00000,0x000000ad4fe00000) (1024K)]
Total: 18

Other Threads:
=>0x000001f11060d7f0 VMThread "VM Thread"                           [id=15472, stack(0x000000ad4e100000,0x000000ad4e200000) (1024K)]
  0x000001f122db47b0 WatcherThread "VM Periodic Task Thread"        [id=22452, stack(0x000000ad4e000000,0x000000ad4e100000) (1024K)]
  0x000001f11060be90 WorkerThread "GC Thread#0"                     [id=30196, stack(0x000000ad4db00000,0x000000ad4dc00000) (1024K)]
  0x000001f11060c230 WorkerThread "GC Thread#1"                     [id=22012, stack(0x000000ad4f000000,0x000000ad4f100000) (1024K)]
  0x000001f11060c970 WorkerThread "GC Thread#2"                     [id=24948, stack(0x000000ad4f100000,0x000000ad4f200000) (1024K)]
  0x000001f11060cd10 WorkerThread "GC Thread#3"                     [id=1136, stack(0x000000ad4f200000,0x000000ad4f300000) (1024K)]
  0x000001f11060c5d0 WorkerThread "GC Thread#4"                     [id=25752, stack(0x000000ad4f300000,0x000000ad4f400000) (1024K)]
  0x000001f169710c20 WorkerThread "GC Thread#5"                     [id=4400, stack(0x000000ad4f400000,0x000000ad4f500000) (1024K)]
  0x000001f16970f660 WorkerThread "GC Thread#6"                     [id=25968, stack(0x000000ad4f600000,0x000000ad4f700000) (1024K)]
  0x000001f16970e440 WorkerThread "GC Thread#7"                     [id=33620, stack(0x000000ad4f700000,0x000000ad4f800000) (1024K)]
  0x000001f169710140 WorkerThread "GC Thread#8"                     [id=20452, stack(0x000000ad4f800000,0x000000ad4f900000) (1024K)]
  0x000001f16970d960 WorkerThread "GC Thread#9"                     [id=5204, stack(0x000000ad4f500000,0x000000ad4f600000) (1024K)]
  0x000001f112ae2150 ConcurrentGCThread "G1 Main Marker"            [id=5052, stack(0x000000ad4dc00000,0x000000ad4dd00000) (1024K)]
  0x000001f11060d450 WorkerThread "G1 Conc#0"                       [id=24060, stack(0x000000ad4dd00000,0x000000ad4de00000) (1024K)]
  0x000001f16970eb80 WorkerThread "G1 Conc#1"                       [id=11008, stack(0x000000ad4f900000,0x000000ad4fa00000) (1024K)]
  0x000001f16970dd00 WorkerThread "G1 Conc#2"                       [id=24236, stack(0x000000ad4fa00000,0x000000ad4fb00000) (1024K)]
  0x000001f112b1e9d0 ConcurrentGCThread "G1 Refine#0"               [id=32740, stack(0x000000ad4de00000,0x000000ad4df00000) (1024K)]
  0x000001f122c819e0 ConcurrentGCThread "G1 Service"                [id=23392, stack(0x000000ad4df00000,0x000000ad4e000000) (1024K)]
Total: 18

Threads with active compile tasks:
C1 CompilerThread3  6612 4527       1       java.lang.ClassLoader::getSystemClassLoader (96 bytes)
Total: 1

VM state: at safepoint (normal execution)

VM Mutex/Monitor currently owned by a thread:  ([mutex/lock_event])
[0x00007ff9962de308] Threads_lock - owner thread: 0x000001f11060d7f0
[0x00007ff9962de408] Heap_lock - owner thread: 0x000001f16931be80

Heap address: 0x000000008a400000, size: 1884 MB, Compressed Oops mode: 32-bit

CDS archive(s) mapped at: [0x000001f124000000-0x000001f124c80000-0x000001f124c80000), size 13107200, SharedBaseAddress: 0x000001f124000000, ArchiveRelocationMode: 1.
Compressed class space mapped at: 0x000001f125000000-0x000001f165000000, reserved size: 1073741824
Narrow klass base: 0x000001f124000000, Narrow klass shift: 0, Narrow klass range: 0x100000000

GC Precious Log:
 CardTable entry size: 512
 Card Set container configuration: InlinePtr #cards 5 size 8 Array Of Cards #cards 12 size 40 Howl #buckets 4 coarsen threshold 1843 Howl Bitmap #cards 512 size 80 coarsen threshold 460 Card regions per heap region 1 cards per card region 2048
 CPUs: 12 total, 12 available
 Memory: 7528M
 Large Page Support: Disabled
 NUMA Support: Disabled
 Compressed Oops: Enabled (32-bit)
 Heap Region Size: 1M
 Heap Min Capacity: 8M
 Heap Initial Capacity: 118M
 Heap Max Capacity: 1884M
 Pre-touch: Disabled
 Parallel Workers: 10
 Concurrent Workers: 3
 Concurrent Refinement Workers: 10
 Periodic GC: Disabled

Heap:
 garbage-first heap   total 70656K, used 24502K [0x000000008a400000, 0x0000000100000000)
  region size 1024K, 3 young (3072K), 3 survivors (3072K)
 Metaspace       used 34520K, committed 35136K, reserved 1114112K
  class space    used 4879K, committed 5120K, reserved 1048576K

Heap Regions: E=young(eden), S=young(survivor), O=old, HS=humongous(starts), HC=humongous(continues), CS=collection set, F=free, TAMS=top-at-mark-start, PB=parsable bottom
|   0|0x000000008a400000, 0x000000008a500000, 0x000000008a500000|100%|HS|  |TAMS 0x000000008a400000| PB 0x000000008a400000| Complete 
|   1|0x000000008a500000, 0x000000008a600000, 0x000000008a600000|100%|HS|  |TAMS 0x000000008a500000| PB 0x000000008a500000| Complete 
|   2|0x000000008a600000, 0x000000008a700000, 0x000000008a700000|100%| O|  |TAMS 0x000000008a600000| PB 0x000000008a600000| Untracked 
|   3|0x000000008a700000, 0x000000008a800000, 0x000000008a800000|100%| O|  |TAMS 0x000000008a700000| PB 0x000000008a700000| Untracked 
|   4|0x000000008a800000, 0x000000008a900000, 0x000000008a900000|100%| O|  |TAMS 0x000000008a800000| PB 0x000000008a800000| Untracked 
|   5|0x000000008a900000, 0x000000008aa00000, 0x000000008aa00000|100%| O|  |TAMS 0x000000008a900000| PB 0x000000008a900000| Untracked 
|   6|0x000000008aa00000, 0x000000008ab00000, 0x000000008ab00000|100%| O|  |TAMS 0x000000008aa00000| PB 0x000000008aa00000| Untracked 
|   7|0x000000008ab00000, 0x000000008ac00000, 0x000000008ac00000|100%| O|  |TAMS 0x000000008ab00000| PB 0x000000008ab00000| Untracked 
|   8|0x000000008ac00000, 0x000000008ad00000, 0x000000008ad00000|100%| O|  |TAMS 0x000000008ac00000| PB 0x000000008ac00000| Untracked 
|   9|0x000000008ad00000, 0x000000008ae00000, 0x000000008ae00000|100%| O|  |TAMS 0x000000008ad00000| PB 0x000000008ad00000| Untracked 
|  10|0x000000008ae00000, 0x000000008af00000, 0x000000008af00000|100%| O|  |TAMS 0x000000008ae00000| PB 0x000000008ae00000| Untracked 
|  11|0x000000008af00000, 0x000000008b000000, 0x000000008b000000|100%| O|  |TAMS 0x000000008af00000| PB 0x000000008af00000| Untracked 
|  12|0x000000008b000000, 0x000000008b100000, 0x000000008b100000|100%| O|  |TAMS 0x000000008b000000| PB 0x000000008b000000| Untracked 
|  13|0x000000008b100000, 0x000000008b200000, 0x000000008b200000|100%| O|  |TAMS 0x000000008b100000| PB 0x000000008b100000| Untracked 
|  14|0x000000008b200000, 0x000000008b231908, 0x000000008b300000| 19%| O|  |TAMS 0x000000008b200000| PB 0x000000008b200000| Untracked 
|  15|0x000000008b300000, 0x000000008b300000, 0x000000008b400000|  0%| F|  |TAMS 0x000000008b300000| PB 0x000000008b300000| Untracked 
|  16|0x000000008b400000, 0x000000008b400000, 0x000000008b500000|  0%| F|  |TAMS 0x000000008b400000| PB 0x000000008b400000| Untracked 
|  17|0x000000008b500000, 0x000000008b500000, 0x000000008b600000|  0%| F|  |TAMS 0x000000008b500000| PB 0x000000008b500000| Untracked 
|  18|0x000000008b600000, 0x000000008b600000, 0x000000008b700000|  0%| F|  |TAMS 0x000000008b600000| PB 0x000000008b600000| Untracked 
|  19|0x000000008b700000, 0x000000008b700000, 0x000000008b800000|  0%| F|  |TAMS 0x000000008b700000| PB 0x000000008b700000| Untracked 
|  20|0x000000008b800000, 0x000000008b800000, 0x000000008b900000|  0%| F|  |TAMS 0x000000008b800000| PB 0x000000008b800000| Untracked 
|  21|0x000000008b900000, 0x000000008b900000, 0x000000008ba00000|  0%| F|  |TAMS 0x000000008b900000| PB 0x000000008b900000| Untracked 
|  22|0x000000008ba00000, 0x000000008ba00000, 0x000000008bb00000|  0%| F|  |TAMS 0x000000008ba00000| PB 0x000000008ba00000| Untracked 
|  23|0x000000008bb00000, 0x000000008bb00000, 0x000000008bc00000|  0%| F|  |TAMS 0x000000008bb00000| PB 0x000000008bb00000| Untracked 
|  24|0x000000008bc00000, 0x000000008bc00000, 0x000000008bd00000|  0%| F|  |TAMS 0x000000008bc00000| PB 0x000000008bc00000| Untracked 
|  25|0x000000008bd00000, 0x000000008bd00000, 0x000000008be00000|  0%| F|  |TAMS 0x000000008bd00000| PB 0x000000008bd00000| Untracked 
|  26|0x000000008be00000, 0x000000008bebc1c0, 0x000000008bf00000| 73%| S|CS|TAMS 0x000000008be00000| PB 0x000000008be00000| Complete 
|  27|0x000000008bf00000, 0x000000008c000000, 0x000000008c000000|100%| S|CS|TAMS 0x000000008bf00000| PB 0x000000008bf00000| Complete 
|  28|0x000000008c000000, 0x000000008c100000, 0x000000008c100000|100%| S|CS|TAMS 0x000000008c000000| PB 0x000000008c000000| Complete 
|  29|0x000000008c100000, 0x000000008c100000, 0x000000008c200000|  0%| F|  |TAMS 0x000000008c100000| PB 0x000000008c100000| Untracked 
|  30|0x000000008c200000, 0x000000008c200000, 0x000000008c300000|  0%| F|  |TAMS 0x000000008c200000| PB 0x000000008c200000| Untracked 
|  31|0x000000008c300000, 0x000000008c300000, 0x000000008c400000|  0%| F|  |TAMS 0x000000008c300000| PB 0x000000008c300000| Untracked 
|  32|0x000000008c400000, 0x000000008c400000, 0x000000008c500000|  0%| F|  |TAMS 0x000000008c400000| PB 0x000000008c400000| Untracked 
|  33|0x000000008c500000, 0x000000008c500000, 0x000000008c600000|  0%| F|  |TAMS 0x000000008c500000| PB 0x000000008c500000| Untracked 
|  34|0x000000008c600000, 0x000000008c600000, 0x000000008c700000|  0%| F|  |TAMS 0x000000008c600000| PB 0x000000008c600000| Untracked 
|  35|0x000000008c700000, 0x000000008c700000, 0x000000008c800000|  0%| F|  |TAMS 0x000000008c700000| PB 0x000000008c700000| Untracked 
|  36|0x000000008c800000, 0x000000008c800000, 0x000000008c900000|  0%| F|  |TAMS 0x000000008c800000| PB 0x000000008c800000| Untracked 
|  37|0x000000008c900000, 0x000000008c900000, 0x000000008ca00000|  0%| F|  |TAMS 0x000000008c900000| PB 0x000000008c900000| Untracked 
|  38|0x000000008ca00000, 0x000000008ca00000, 0x000000008cb00000|  0%| F|  |TAMS 0x000000008ca00000| PB 0x000000008ca00000| Untracked 
|  39|0x000000008cb00000, 0x000000008cb00000, 0x000000008cc00000|  0%| F|  |TAMS 0x000000008cb00000| PB 0x000000008cb00000| Untracked 
|  40|0x000000008cc00000, 0x000000008cc00000, 0x000000008cd00000|  0%| F|  |TAMS 0x000000008cc00000| PB 0x000000008cc00000| Untracked 
|  41|0x000000008cd00000, 0x000000008cd00000, 0x000000008ce00000|  0%| F|  |TAMS 0x000000008cd00000| PB 0x000000008cd00000| Untracked 
|  42|0x000000008ce00000, 0x000000008ce00000, 0x000000008cf00000|  0%| F|  |TAMS 0x000000008ce00000| PB 0x000000008ce00000| Untracked 
|  43|0x000000008cf00000, 0x000000008cf00000, 0x000000008d000000|  0%| F|  |TAMS 0x000000008cf00000| PB 0x000000008cf00000| Untracked 
|  44|0x000000008d000000, 0x000000008d000000, 0x000000008d100000|  0%| F|  |TAMS 0x000000008d000000| PB 0x000000008d000000| Untracked 
|  45|0x000000008d100000, 0x000000008d100000, 0x000000008d200000|  0%| F|  |TAMS 0x000000008d100000| PB 0x000000008d100000| Untracked 
|  46|0x000000008d200000, 0x000000008d200000, 0x000000008d300000|  0%| F|  |TAMS 0x000000008d200000| PB 0x000000008d200000| Untracked 
|  47|0x000000008d300000, 0x000000008d300000, 0x000000008d400000|  0%| F|  |TAMS 0x000000008d300000| PB 0x000000008d300000| Untracked 
|  48|0x000000008d400000, 0x000000008d400000, 0x000000008d500000|  0%| F|  |TAMS 0x000000008d400000| PB 0x000000008d400000| Untracked 
|  49|0x000000008d500000, 0x000000008d500000, 0x000000008d600000|  0%| F|  |TAMS 0x000000008d500000| PB 0x000000008d500000| Untracked 
|  50|0x000000008d600000, 0x000000008d600000, 0x000000008d700000|  0%| F|  |TAMS 0x000000008d600000| PB 0x000000008d600000| Untracked 
|  51|0x000000008d700000, 0x000000008d700000, 0x000000008d800000|  0%| F|  |TAMS 0x000000008d700000| PB 0x000000008d700000| Untracked 
|  52|0x000000008d800000, 0x000000008d800000, 0x000000008d900000|  0%| F|  |TAMS 0x000000008d800000| PB 0x000000008d800000| Untracked 
|  53|0x000000008d900000, 0x000000008d900000, 0x000000008da00000|  0%| F|  |TAMS 0x000000008d900000| PB 0x000000008d900000| Untracked 
|  54|0x000000008da00000, 0x000000008da00000, 0x000000008db00000|  0%| F|  |TAMS 0x000000008da00000| PB 0x000000008da00000| Untracked 
|  55|0x000000008db00000, 0x000000008db00000, 0x000000008dc00000|  0%| F|  |TAMS 0x000000008db00000| PB 0x000000008db00000| Untracked 
|  56|0x000000008dc00000, 0x000000008dc00000, 0x000000008dd00000|  0%| F|  |TAMS 0x000000008dc00000| PB 0x000000008dc00000| Untracked 
|  57|0x000000008dd00000, 0x000000008dd00000, 0x000000008de00000|  0%| F|  |TAMS 0x000000008dd00000| PB 0x000000008dd00000| Untracked 
|  58|0x000000008de00000, 0x000000008de00000, 0x000000008df00000|  0%| F|  |TAMS 0x000000008de00000| PB 0x000000008de00000| Untracked 
|  59|0x000000008df00000, 0x000000008df00000, 0x000000008e000000|  0%| F|  |TAMS 0x000000008df00000| PB 0x000000008df00000| Untracked 
|  60|0x000000008e000000, 0x000000008e000000, 0x000000008e100000|  0%| F|  |TAMS 0x000000008e000000| PB 0x000000008e000000| Untracked 
| 117|0x0000000091900000, 0x0000000091900000, 0x0000000091a00000|  0%| F|  |TAMS 0x0000000091900000| PB 0x0000000091900000| Untracked 
|1877|0x00000000ff900000, 0x00000000ffa00000, 0x00000000ffa00000|100%| O|  |TAMS 0x00000000ff900000| PB 0x00000000ff900000| Untracked 
|1878|0x00000000ffa00000, 0x00000000ffb00000, 0x00000000ffb00000|100%| O|  |TAMS 0x00000000ffa00000| PB 0x00000000ffa00000| Untracked 
|1879|0x00000000ffb00000, 0x00000000ffc00000, 0x00000000ffc00000|100%| O|  |TAMS 0x00000000ffb00000| PB 0x00000000ffb00000| Untracked 
|1880|0x00000000ffc00000, 0x00000000ffd00000, 0x00000000ffd00000|100%| O|  |TAMS 0x00000000ffc00000| PB 0x00000000ffc00000| Untracked 
|1881|0x00000000ffd00000, 0x00000000ffe00000, 0x00000000ffe00000|100%| O|  |TAMS 0x00000000ffd00000| PB 0x00000000ffd00000| Untracked 
|1882|0x00000000ffe00000, 0x00000000fff00000, 0x00000000fff00000|100%| O|  |TAMS 0x00000000ffe00000| PB 0x00000000ffe00000| Untracked 
|1883|0x00000000fff00000, 0x0000000100000000, 0x0000000100000000|100%| O|  |TAMS 0x00000000fff00000| PB 0x00000000fff00000| Untracked 

Card table byte_map: [0x000001f11e830000,0x000001f11ebe0000] _byte_map_base: 0x000001f11e3de000

Marking Bits: (CMBitMap*) 0x000001f112ad2cf0
 Bits: [0x000001f11ebe0000, 0x000001f120950000)

Polling page: 0x000001f110880000

Metaspace:

Usage:
  Non-class:     28.95 MB used.
      Class:      4.76 MB used.
       Both:     33.71 MB used.

Virtual space:
  Non-class space:       64.00 MB reserved,      29.31 MB ( 46%) committed,  1 nodes.
      Class space:        1.00 GB reserved,       5.00 MB ( <1%) committed,  1 nodes.
             Both:        1.06 GB reserved,      34.31 MB (  3%) committed. 

Chunk freelists:
   Non-Class:  2.48 MB
       Class:  11.00 MB
        Both:  13.48 MB

MaxMetaspaceSize: unlimited
CompressedClassSpaceSize: 1.00 GB
Initial GC threshold: 21.00 MB
Current GC threshold: 34.31 MB
CDS: on
 - commit_granule_bytes: 65536.
 - commit_granule_words: 8192.
 - virtual_space_node_default_size: 8388608.
 - enlarge_chunks_in_place: 1.
 - use_allocation_guard: 0.


Internal statistics:

num_allocs_failed_limit: 0.
num_arena_births: 712.
num_arena_deaths: 0.
num_vsnodes_births: 2.
num_vsnodes_deaths: 0.
num_space_committed: 549.
num_space_uncommitted: 0.
num_chunks_returned_to_freelist: 0.
num_chunks_taken_from_freelist: 2059.
num_chunk_merges: 0.
num_chunk_splits: 1379.
num_chunks_enlarged: 1004.
num_inconsistent_stats: 0.

CodeCache: size=49152Kb used=10077Kb max_used=10077Kb free=39074Kb
 bounds [0x000001f11b150000, 0x000001f11bb30000, 0x000001f11e150000]
 total_blobs=5066 nmethods=4526 adapters=461
 compilation: enabled
              stopped_count=0, restarted_count=0
 full_count=0

Compilation events (20 events):
Event: 4.401 Thread 0x000001f1692d9060 nmethod 4514 0x000001f11bb24090 code [0x000001f11bb24240, 0x000001f11bb24328]
Event: 4.470 Thread 0x000001f1692d9060 4518       1       ch.qos.logback.classic.Logger::isDebugEnabled (6 bytes)
Event: 4.470 Thread 0x000001f1237224a0 4519       1       ch.qos.logback.classic.Logger::isDebugEnabled (67 bytes)
Event: 4.470 Thread 0x000001f1692d9060 nmethod 4518 0x000001f11bb25690 code [0x000001f11bb25840, 0x000001f11bb25928]
Event: 4.470 Thread 0x000001f1237224a0 nmethod 4519 0x000001f11bb25990 code [0x000001f11bb25b80, 0x000001f11bb25ed8]
Event: 4.482 Thread 0x000001f1237224a0 4520       1       jdk.internal.misc.VM::initLevel (4 bytes)
Event: 4.482 Thread 0x000001f1237224a0 nmethod 4520 0x000001f11bb26110 code [0x000001f11bb262a0, 0x000001f11bb26358]
Event: 4.498 Thread 0x000001f1236999e0 4522       1       java.lang.CompoundEnumeration::hasMoreElements (5 bytes)
Event: 4.498 Thread 0x000001f1692d89c0 4521       1       jdk.internal.loader.ClassLoaders::bootLoader (4 bytes)
Event: 4.498 Thread 0x000001f1692d89c0 nmethod 4521 0x000001f11bb26410 code [0x000001f11bb265a0, 0x000001f11bb26650]
Event: 4.498 Thread 0x000001f1236999e0 nmethod 4522 0x000001f11bb26710 code [0x000001f11bb268c0, 0x000001f11bb269a0]
Event: 4.498 Thread 0x000001f1236999e0 4523       1       java.util.Collections$EmptyEnumeration::hasMoreElements (2 bytes)
Event: 4.498 Thread 0x000001f1236999e0 nmethod 4523 0x000001f11bb26a10 code [0x000001f11bb26ba0, 0x000001f11bb26c68]
Event: 4.525 Thread 0x000001f1236999e0 4524       1       java.lang.invoke.MethodHandles$Lookup::lookupModes (8 bytes)
Event: 4.525 Thread 0x000001f1236999e0 nmethod 4524 0x000001f11bb26d10 code [0x000001f11bb26ea0, 0x000001f11bb26f70]
Event: 4.537 Thread 0x000001f1236999e0 4525       1       java.lang.Long::valueOf (40 bytes)
Event: 4.537 Thread 0x000001f1236999e0 nmethod 4525 0x000001f11bb27010 code [0x000001f11bb271c0, 0x000001f11bb27350]
Event: 4.543 Thread 0x000001f1236999e0 4526       1       java.lang.Object::<init> (1 bytes)
Event: 4.543 Thread 0x000001f1236999e0 nmethod 4526 0x000001f11bb27410 code [0x000001f11bb275a0, 0x000001f11bb27678]
Event: 4.560 Thread 0x000001f1692d9060 4527       1       java.lang.ClassLoader::getSystemClassLoader (96 bytes)

GC Heap History (11 events):
Event: 0.515 GC heap before
{Heap before GC invocations=0 (full 0):
 garbage-first heap   total 120832K, used 24576K [0x000000008a400000, 0x0000000100000000)
  region size 1024K, 23 young (23552K), 0 survivors (0K)
 Metaspace       used 3680K, committed 3840K, reserved 1114112K
  class space    used 488K, committed 576K, reserved 1048576K
}
Event: 0.519 GC heap after
{Heap after GC invocations=1 (full 0):
 garbage-first heap   total 120832K, used 8498K [0x000000008a400000, 0x0000000100000000)
  region size 1024K, 3 young (3072K), 3 survivors (3072K)
 Metaspace       used 3680K, committed 3840K, reserved 1114112K
  class space    used 488K, committed 576K, reserved 1048576K
}
Event: 1.062 GC heap before
{Heap before GC invocations=1 (full 0):
 garbage-first heap   total 120832K, used 38194K [0x000000008a400000, 0x0000000100000000)
  region size 1024K, 32 young (32768K), 3 survivors (3072K)
 Metaspace       used 10571K, committed 10944K, reserved 1114112K
  class space    used 1506K, committed 1664K, reserved 1048576K
}
Event: 1.069 GC heap after
{Heap after GC invocations=2 (full 0):
 garbage-first heap   total 120832K, used 11263K [0x000000008a400000, 0x0000000100000000)
  region size 1024K, 3 young (3072K), 3 survivors (3072K)
 Metaspace       used 10571K, committed 10944K, reserved 1114112K
  class space    used 1506K, committed 1664K, reserved 1048576K
}
Event: 1.919 GC heap before
{Heap before GC invocations=2 (full 0):
 garbage-first heap   total 120832K, used 64511K [0x000000008a400000, 0x0000000100000000)
  region size 1024K, 57 young (58368K), 3 survivors (3072K)
 Metaspace       used 20642K, committed 21056K, reserved 1114112K
  class space    used 2824K, committed 3008K, reserved 1048576K
}
Event: 1.928 GC heap after
{Heap after GC invocations=3 (full 0):
 garbage-first heap   total 120832K, used 16456K [0x000000008a400000, 0x0000000100000000)
  region size 1024K, 8 young (8192K), 8 survivors (8192K)
 Metaspace       used 20642K, committed 21056K, reserved 1114112K
  class space    used 2824K, committed 3008K, reserved 1048576K
}
Event: 3.006 GC heap before
{Heap before GC invocations=4 (full 0):
 garbage-first heap   total 58368K, used 57416K [0x000000008a400000, 0x0000000100000000)
  region size 1024K, 48 young (49152K), 8 survivors (8192K)
 Metaspace       used 25129K, committed 25600K, reserved 1114112K
  class space    used 3559K, committed 3776K, reserved 1048576K
}
Event: 3.017 GC heap after
{Heap after GC invocations=5 (full 0):
 garbage-first heap   total 68608K, used 18903K [0x000000008a400000, 0x0000000100000000)
  region size 1024K, 3 young (3072K), 3 survivors (3072K)
 Metaspace       used 25129K, committed 25600K, reserved 1114112K
  class space    used 3559K, committed 3776K, reserved 1048576K
}
Event: 3.749 GC heap before
{Heap before GC invocations=5 (full 0):
 garbage-first heap   total 68608K, used 51671K [0x000000008a400000, 0x0000000100000000)
  region size 1024K, 35 young (35840K), 3 survivors (3072K)
 Metaspace       used 29296K, committed 29824K, reserved 1114112K
  class space    used 4221K, committed 4480K, reserved 1048576K
}
Event: 3.757 GC heap after
{Heap after GC invocations=6 (full 0):
 garbage-first heap   total 68608K, used 21871K [0x000000008a400000, 0x0000000100000000)
  region size 1024K, 4 young (4096K), 4 survivors (4096K)
 Metaspace       used 29296K, committed 29824K, reserved 1114112K
  class space    used 4221K, committed 4480K, reserved 1048576K
}
Event: 4.560 GC heap before
{Heap before GC invocations=6 (full 0):
 garbage-first heap   total 68608K, used 52591K [0x000000008a400000, 0x0000000100000000)
  region size 1024K, 35 young (35840K), 4 survivors (4096K)
 Metaspace       used 34520K, committed 35136K, reserved 1114112K
  class space    used 4879K, committed 5120K, reserved 1048576K
}

Dll operation events (8 events):
Event: 0.010 Loaded shared library C:\Program Files\Eclipse Adoptium\jdk-21.0.7.6-hotspot\bin\java.dll
Event: 0.105 Loaded shared library C:\Program Files\Eclipse Adoptium\jdk-21.0.7.6-hotspot\bin\net.dll
Event: 0.106 Loaded shared library C:\Program Files\Eclipse Adoptium\jdk-21.0.7.6-hotspot\bin\nio.dll
Event: 0.109 Loaded shared library C:\Program Files\Eclipse Adoptium\jdk-21.0.7.6-hotspot\bin\zip.dll
Event: 0.212 Loaded shared library C:\Program Files\Eclipse Adoptium\jdk-21.0.7.6-hotspot\bin\jimage.dll
Event: 0.431 Loaded shared library C:\Program Files\Eclipse Adoptium\jdk-21.0.7.6-hotspot\bin\management.dll
Event: 0.438 Loaded shared library C:\Program Files\Eclipse Adoptium\jdk-21.0.7.6-hotspot\bin\management_ext.dll
Event: 1.786 Loaded shared library C:\Program Files\Eclipse Adoptium\jdk-21.0.7.6-hotspot\bin\sunmscapi.dll

Deoptimization events (0 events):
No events

Classes loaded (20 events):
Event: 4.219 Loading class java/io/EOFException
Event: 4.219 Loading class java/io/EOFException done
Event: 4.236 Loading class java/nio/channels/CompletionHandler
Event: 4.236 Loading class java/nio/channels/CompletionHandler done
Event: 4.253 Loading class java/util/concurrent/ScheduledThreadPoolExecutor$ScheduledFutureTask
Event: 4.254 Loading class java/util/concurrent/ScheduledThreadPoolExecutor$ScheduledFutureTask done
Event: 4.254 Loading class java/util/concurrent/Executors$RunnableAdapter
Event: 4.254 Loading class java/util/concurrent/Executors$RunnableAdapter done
Event: 4.254 Loading class java/util/concurrent/ThreadPoolExecutor$Worker
Event: 4.255 Loading class java/util/concurrent/ThreadPoolExecutor$Worker done
Event: 4.264 Loading class jdk/internal/event/ThreadSleepEvent
Event: 4.265 Loading class jdk/internal/event/ThreadSleepEvent done
Event: 4.311 Loading class java/lang/ExceptionInInitializerError
Event: 4.311 Loading class java/lang/ExceptionInInitializerError done
Event: 4.324 Loading class javax/management/ConstructorParameters
Event: 4.324 Loading class javax/management/ConstructorParameters done
Event: 4.380 Loading class javax/naming/Referenceable
Event: 4.380 Loading class javax/naming/Referenceable done
Event: 4.420 Loading class java/lang/instrument/ClassFileTransformer
Event: 4.420 Loading class java/lang/instrument/ClassFileTransformer done

Classes unloaded (0 events):
No events

Classes redefined (0 events):
No events

Internal exceptions (20 events):
Event: 3.709 Thread 0x000001f16931be80 Exception <a 'java/lang/NoSuchMethodError'{0x000000008be72bb0}: 'int java.lang.invoke.DirectMethodHandle$Holder.invokeSpecialIFC(java.lang.Object, java.lang.Object, java.lang.Object)'> (0x000000008be72bb0) 
thrown [s\src\hotspot\share\interpreter\linkResolver.cpp, line 773]
Event: 3.711 Thread 0x000001f16931be80 Exception <a 'java/lang/NoSuchMethodError'{0x000000008be880e8}: 'void java.lang.invoke.DirectMethodHandle$Holder.invokeStatic(java.lang.Object, int, java.lang.Object)'> (0x000000008be880e8) 
thrown [s\src\hotspot\share\interpreter\linkResolver.cpp, line 773]
Event: 3.715 Thread 0x000001f16931be80 Exception <a 'java/lang/NoSuchMethodError'{0x000000008beb74a8}: 'int java.lang.invoke.DirectMethodHandle$Holder.invokeSpecial(java.lang.Object, java.lang.Object, int)'> (0x000000008beb74a8) 
thrown [s\src\hotspot\share\interpreter\linkResolver.cpp, line 773]
Event: 3.719 Thread 0x000001f16931be80 Exception <a 'java/lang/NoSuchMethodError'{0x000000008bec6420}: 'void java.lang.invoke.DirectMethodHandle$Holder.invokeStatic(java.lang.Object, java.lang.Object, java.lang.Object, int, java.lang.Object)'> (0x000000008bec6420) 
thrown [s\src\hotspot\share\interpreter\linkResolver.cpp, line 773]
Event: 3.719 Thread 0x000001f16931be80 Exception <a 'java/lang/NoSuchMethodError'{0x000000008beccdc0}: 'java.lang.Object java.lang.invoke.DirectMethodHandle$Holder.newInvokeSpecial(java.lang.Object, java.lang.Object, java.lang.Object, int)'> (0x000000008beccdc0) 
thrown [s\src\hotspot\share\interpreter\linkResolver.cpp, line 773]
Event: 3.719 Thread 0x000001f16931be80 Exception <a 'java/lang/NoSuchMethodError'{0x000000008bed0c50}: 'java.lang.Object java.lang.invoke.DirectMethodHandle$Holder.invokeSpecial(java.lang.Object, java.lang.Object, java.lang.Object, java.lang.Object, int)'> (0x000000008bed0c50) 
thrown [s\src\hotspot\share\interpreter\linkResolver.cpp, line 773]
Event: 3.720 Thread 0x000001f16931be80 Exception <a 'java/lang/NoSuchMethodError'{0x000000008bed40f8}: 'java.lang.Object java.lang.invoke.Invokers$Holder.linkToTargetMethod(java.lang.Object, java.lang.Object, int, java.lang.Object)'> (0x000000008bed40f8) 
thrown [s\src\hotspot\share\interpreter\linkResolver.cpp, line 773]
Event: 3.843 Thread 0x000001f16931be80 Exception <a 'java/lang/NoSuchMethodError'{0x000000008dfce0b8}: 'java.lang.Object java.lang.invoke.DirectMethodHandle$Holder.invokeStaticInit(java.lang.Object, int, int, int, int)'> (0x000000008dfce0b8) 
thrown [s\src\hotspot\share\interpreter\linkResolver.cpp, line 773]
Event: 3.874 Thread 0x000001f16931be80 Exception <a 'java/lang/NoSuchMethodError'{0x000000008de98760}: 'java.lang.Object java.lang.invoke.DirectMethodHandle$Holder.invokeStaticInit(java.lang.Object, java.lang.Object, int, int, int, int)'> (0x000000008de98760) 
thrown [s\src\hotspot\share\interpreter\linkResolver.cpp, line 773]
Event: 4.036 Thread 0x000001f16931be80 Exception <a 'sun/nio/fs/WindowsException'{0x000000008d4c2e88}> (0x000000008d4c2e88) 
thrown [s\src\hotspot\share\prims\jni.cpp, line 520]
Event: 4.037 Thread 0x000001f16931be80 Exception <a 'sun/nio/fs/WindowsException'{0x000000008d4c35d8}> (0x000000008d4c35d8) 
thrown [s\src\hotspot\share\prims\jni.cpp, line 520]
Event: 4.046 Thread 0x000001f16931be80 Exception <a 'java/lang/NoSuchMethodError'{0x000000008d4e4d90}: 'int java.lang.invoke.DirectMethodHandle$Holder.invokeVirtual(java.lang.Object, java.lang.Object, java.lang.Object, java.lang.Object)'> (0x000000008d4e4d90) 
thrown [s\src\hotspot\share\interpreter\linkResolver.cpp, line 773]
Event: 4.046 Thread 0x000001f16931be80 Exception <a 'java/lang/NoSuchMethodError'{0x000000008d4e8660}: 'int java.lang.invoke.DelegatingMethodHandle$Holder.reinvoke_L(java.lang.Object, java.lang.Object, java.lang.Object, java.lang.Object)'> (0x000000008d4e8660) 
thrown [s\src\hotspot\share\interpreter\linkResolver.cpp, line 773]
Event: 4.086 Thread 0x000001f16931be80 Exception <a 'java/io/FileNotFoundException'{0x000000008d3f9ba0}> (0x000000008d3f9ba0) 
thrown [s\src\hotspot\share\prims\jni.cpp, line 520]
Event: 4.156 Thread 0x000001f16931be80 Exception <a 'java/lang/NoSuchMethodError'{0x000000008d06f310}: 'int java.lang.invoke.DirectMethodHandle$Holder.invokeInterface(java.lang.Object, java.lang.Object, java.lang.Object, java.lang.Object)'> (0x000000008d06f310) 
thrown [s\src\hotspot\share\interpreter\linkResolver.cpp, line 773]
Event: 4.237 Thread 0x000001f16931be80 Exception <a 'java/lang/NoSuchMethodError'{0x000000008cd1aff8}: 'long java.lang.invoke.DirectMethodHandle$Holder.invokeVirtual(java.lang.Object, java.lang.Object)'> (0x000000008cd1aff8) 
thrown [s\src\hotspot\share\interpreter\linkResolver.cpp, line 773]
Event: 4.244 Thread 0x000001f16931be80 Exception <a 'java/io/FileNotFoundException'{0x000000008cd46700}> (0x000000008cd46700) 
thrown [s\src\hotspot\share\prims\jni.cpp, line 520]
Event: 4.281 Thread 0x000001f16931be80 Exception <a 'java/lang/NoSuchMethodError'{0x000000008cca1980}: 'void java.lang.invoke.DirectMethodHandle$Holder.invokeVirtual(java.lang.Object, java.lang.Object, long)'> (0x000000008cca1980) 
thrown [s\src\hotspot\share\interpreter\linkResolver.cpp, line 773]
Event: 4.354 Thread 0x000001f16931be80 Exception <a 'java/lang/NoSuchMethodError'{0x000000008c98f5d8}: 'java.lang.Object java.lang.invoke.DirectMethodHandle$Holder.newInvokeSpecial(java.lang.Object, java.lang.Object, java.lang.Object, java.lang.Object, java.lang.Object, java.lang.Object, java.lang.Object, java.lang.Object, java.lang.Object, java.lang.Object, java.lang.Object, java.lang.Object)'> (0x000000008c98f5d8) 
thrown [s\src\hotspot\share\interpreter\linkResolver.cpp, line 773]
Event: 4.457 Thread 0x000001f16931be80 Exception <a 'java/lang/NoSuchMethodError'{0x000000008c54ef08}: 'void java.lang.invoke.DelegatingMethodHandle$Holder.reinvoke_L(java.lang.Object, java.lang.Object, java.lang.Object, java.lang.Object, int, java.lang.Object, java.lang.Object, java.lang.Object)'> (0x000000008c54ef08) 
thrown [s\src\hotspot\share\interpreter\linkResolver.cpp, line 773]

ZGC Phase Switch (0 events):
No events

VM Operations (20 events):
Event: 3.455 Executing VM operation: HandshakeAllThreads (Deoptimize) done
Event: 3.594 Executing VM operation: HandshakeAllThreads (Deoptimize)
Event: 3.594 Executing VM operation: HandshakeAllThreads (Deoptimize) done
Event: 3.598 Executing VM operation: HandshakeAllThreads (Deoptimize)
Event: 3.598 Executing VM operation: HandshakeAllThreads (Deoptimize) done
Event: 3.610 Executing VM operation: ICBufferFull
Event: 3.610 Executing VM operation: ICBufferFull done
Event: 3.748 Executing VM operation: G1CollectForAllocation (G1 Evacuation Pause)
Event: 3.757 Executing VM operation: G1CollectForAllocation (G1 Evacuation Pause) done
Event: 3.859 Executing VM operation: HandshakeAllThreads (Deoptimize)
Event: 3.859 Executing VM operation: HandshakeAllThreads (Deoptimize) done
Event: 4.129 Executing VM operation: HandshakeAllThreads (Deoptimize)
Event: 4.129 Executing VM operation: HandshakeAllThreads (Deoptimize) done
Event: 4.200 Executing VM operation: HandshakeAllThreads (Deoptimize)
Event: 4.200 Executing VM operation: HandshakeAllThreads (Deoptimize) done
Event: 4.248 Executing VM operation: HandshakeAllThreads (Deoptimize)
Event: 4.248 Executing VM operation: HandshakeAllThreads (Deoptimize) done
Event: 4.518 Executing VM operation: HandshakeAllThreads (Deoptimize)
Event: 4.518 Executing VM operation: HandshakeAllThreads (Deoptimize) done
Event: 4.560 Executing VM operation: G1CollectForAllocation (G1 Evacuation Pause)

Memory protections (0 events):
No events

Nmethod flushes (0 events):
No events

Events (20 events):
Event: 0.042 Thread 0x000001f112a77940 Thread added: 0x000001f122de0eb0
Event: 0.042 Thread 0x000001f112a77940 Thread added: 0x000001f122de3e50
Event: 0.042 Thread 0x000001f112a77940 Thread added: 0x000001f122de4b00
Event: 0.043 Thread 0x000001f112a77940 Thread added: 0x000001f122de6a70
Event: 0.043 Thread 0x000001f112a77940 Thread added: 0x000001f123678090
Event: 0.043 Thread 0x000001f112a77940 Thread added: 0x000001f1236999e0
Event: 0.096 Thread 0x000001f1236999e0 Thread added: 0x000001f1237224a0
Event: 0.098 Thread 0x000001f112a77940 Thread added: 0x000001f1237d1da0
Event: 0.101 Thread 0x000001f112a77940 Thread added: 0x000001f1237d45d0
Event: 0.272 Thread 0x000001f1237224a0 Thread added: 0x000001f1692d89c0
Event: 0.273 Thread 0x000001f1237224a0 Thread added: 0x000001f1692d9060
Event: 0.492 Thread 0x000001f112a77940 Thread added: 0x000001f1696a70b0
Event: 0.500 Thread 0x000001f1696a70b0 Thread added: 0x000001f16931be80
Event: 0.936 Thread 0x000001f16931be80 Thread added: 0x000001f169938b20
Event: 1.616 Thread 0x000001f16931be80 Thread added: 0x000001f169e05f10
Event: 1.745 Thread 0x000001f169e05f10 Thread exited: 0x000001f169e05f10
Event: 1.799 Thread 0x000001f169938b20 Thread exited: 0x000001f169938b20
Event: 4.257 Thread 0x000001f16931be80 Thread added: 0x000001f16a6462e0
Event: 4.258 Thread 0x000001f16a6462e0 Thread added: 0x000001f16a70f380
Event: 4.264 Thread 0x000001f16931be80 Thread added: 0x000001f16a6bdd10


Dynamic libraries:
0x00007ff75cc90000 - 0x00007ff75cc9e000 	C:\Program Files\Eclipse Adoptium\jdk-21.0.7.6-hotspot\bin\java.exe
0x00007ffa15fe0000 - 0x00007ffa16248000 	C:\WINDOWS\SYSTEM32\ntdll.dll
0x00007ffa14250000 - 0x00007ffa14319000 	C:\WINDOWS\System32\KERNEL32.DLL
0x00007ffa13210000 - 0x00007ffa135fd000 	C:\WINDOWS\System32\KERNELBASE.dll
0x00007ffa0f280000 - 0x00007ffa0f31e000 	C:\WINDOWS\SYSTEM32\apphelp.dll
0x00007ffa13a40000 - 0x00007ffa13b8b000 	C:\WINDOWS\System32\ucrtbase.dll
0x00007ffa07a00000 - 0x00007ffa07a1e000 	C:\Program Files\Eclipse Adoptium\jdk-21.0.7.6-hotspot\bin\VCRUNTIME140.dll
0x00007ffa0cad0000 - 0x00007ffa0cae8000 	C:\Program Files\Eclipse Adoptium\jdk-21.0.7.6-hotspot\bin\jli.dll
0x00007ffa14ee0000 - 0x00007ffa150ac000 	C:\WINDOWS\System32\USER32.dll
0x00007ffa12520000 - 0x00007ffa127ba000 	C:\WINDOWS\WinSxS\amd64_microsoft.windows.common-controls_6595b64144ccf1df_6.0.26100.4484_none_3e0e6d4ce32ef3b3\COMCTL32.dll
0x00007ffa13130000 - 0x00007ffa13157000 	C:\WINDOWS\System32\win32u.dll
0x00007ffa14aa0000 - 0x00007ffa14b49000 	C:\WINDOWS\System32\msvcrt.dll
0x00007ffa143a0000 - 0x00007ffa143cb000 	C:\WINDOWS\System32\GDI32.dll
0x00007ffa13900000 - 0x00007ffa13a37000 	C:\WINDOWS\System32\gdi32full.dll
0x00007ffa13160000 - 0x00007ffa13203000 	C:\WINDOWS\System32\msvcp_win.dll
0x00007ffa13f40000 - 0x00007ffa13f6f000 	C:\WINDOWS\System32\IMM32.DLL
0x00007ffa0f190000 - 0x00007ffa0f19c000 	C:\Program Files\Eclipse Adoptium\jdk-21.0.7.6-hotspot\bin\vcruntime140_1.dll
0x00007ff9b2e60000 - 0x00007ff9b2eed000 	C:\Program Files\Eclipse Adoptium\jdk-21.0.7.6-hotspot\bin\msvcp140.dll
0x00007ff995630000 - 0x00007ff9963c0000 	C:\Program Files\Eclipse Adoptium\jdk-21.0.7.6-hotspot\bin\server\jvm.dll
0x00007ffa13d80000 - 0x00007ffa13e34000 	C:\WINDOWS\System32\ADVAPI32.dll
0x00007ffa14810000 - 0x00007ffa148b6000 	C:\WINDOWS\System32\sechost.dll
0x00007ffa14540000 - 0x00007ffa14658000 	C:\WINDOWS\System32\RPCRT4.dll
0x00007ffa150b0000 - 0x00007ffa15124000 	C:\WINDOWS\System32\WS2_32.dll
0x00007ffa12ed0000 - 0x00007ffa12f2e000 	C:\WINDOWS\SYSTEM32\POWRPROF.dll
0x00007ffa0ab30000 - 0x00007ffa0ab3b000 	C:\WINDOWS\SYSTEM32\VERSION.dll
0x00007ffa0aaf0000 - 0x00007ffa0ab25000 	C:\WINDOWS\SYSTEM32\WINMM.dll
0x00007ffa12dc0000 - 0x00007ffa12dd4000 	C:\WINDOWS\SYSTEM32\UMPDC.dll
0x00007ffa11590000 - 0x00007ffa115ab000 	C:\WINDOWS\SYSTEM32\kernel.appcore.dll
0x00007ffa034f0000 - 0x00007ffa034fa000 	C:\Program Files\Eclipse Adoptium\jdk-21.0.7.6-hotspot\bin\jimage.dll
0x00007ffa12950000 - 0x00007ffa12b91000 	C:\WINDOWS\SYSTEM32\DBGHELP.DLL
0x00007ffa14b50000 - 0x00007ffa14ed6000 	C:\WINDOWS\System32\combase.dll
0x00007ffa15890000 - 0x00007ffa15970000 	C:\WINDOWS\System32\OLEAUT32.dll
0x00007ffa127c0000 - 0x00007ffa12803000 	C:\WINDOWS\SYSTEM32\dbgcore.DLL
0x00007ffa13ce0000 - 0x00007ffa13d79000 	C:\WINDOWS\System32\bcryptPrimitives.dll
0x00007ffa04770000 - 0x00007ffa0478f000 	C:\Program Files\Eclipse Adoptium\jdk-21.0.7.6-hotspot\bin\java.dll
0x00007ffa15130000 - 0x00007ffa1587a000 	C:\WINDOWS\System32\SHELL32.dll
0x00007ffa13780000 - 0x00007ffa138f4000 	C:\WINDOWS\System32\wintypes.dll
0x00007ffa10300000 - 0x00007ffa10b5b000 	C:\WINDOWS\SYSTEM32\windows.storage.dll
0x00007ffa13e40000 - 0x00007ffa13f35000 	C:\WINDOWS\System32\SHCORE.dll
0x00007ffa15980000 - 0x00007ffa159ea000 	C:\WINDOWS\System32\shlwapi.dll
0x00007ffa13040000 - 0x00007ffa1306f000 	C:\WINDOWS\SYSTEM32\profapi.dll
0x00007ff9fe820000 - 0x00007ff9fe830000 	C:\Program Files\Eclipse Adoptium\jdk-21.0.7.6-hotspot\bin\net.dll
0x00007ffa08550000 - 0x00007ffa0866e000 	C:\WINDOWS\SYSTEM32\WINHTTP.dll
0x00007ffa11b20000 - 0x00007ffa11b8a000 	C:\WINDOWS\system32\mswsock.dll
0x00007ff9f5f00000 - 0x00007ff9f5f16000 	C:\Program Files\Eclipse Adoptium\jdk-21.0.7.6-hotspot\bin\nio.dll
0x00007ff9d5e80000 - 0x00007ff9d5e98000 	C:\Program Files\Eclipse Adoptium\jdk-21.0.7.6-hotspot\bin\zip.dll
0x00007ff9dd470000 - 0x00007ff9dd47a000 	C:\Program Files\Eclipse Adoptium\jdk-21.0.7.6-hotspot\bin\management.dll
0x00007ff9dd460000 - 0x00007ff9dd46b000 	C:\Program Files\Eclipse Adoptium\jdk-21.0.7.6-hotspot\bin\management_ext.dll
0x00007ffa15a70000 - 0x00007ffa15a78000 	C:\WINDOWS\System32\PSAPI.DLL
0x00007ffa0d0e0000 - 0x00007ffa0d0ee000 	C:\Program Files\Eclipse Adoptium\jdk-21.0.7.6-hotspot\bin\sunmscapi.dll
0x00007ffa13600000 - 0x00007ffa13777000 	C:\WINDOWS\System32\CRYPT32.dll
0x00007ffa121e0000 - 0x00007ffa12210000 	C:\WINDOWS\SYSTEM32\ncrypt.dll
0x00007ffa120c0000 - 0x00007ffa120ff000 	C:\WINDOWS\SYSTEM32\NTASN1.dll
0x00007ffa12cc0000 - 0x00007ffa12cdb000 	C:\WINDOWS\SYSTEM32\CRYPTSP.dll
0x00007ffa11a20000 - 0x00007ffa11a5b000 	C:\WINDOWS\system32\rsaenh.dll
0x00007ffa11bc0000 - 0x00007ffa11beb000 	C:\WINDOWS\SYSTEM32\USERENV.dll
0x00007ffa13010000 - 0x00007ffa13036000 	C:\WINDOWS\SYSTEM32\bcrypt.dll
0x00007ffa11e00000 - 0x00007ffa11e0c000 	C:\WINDOWS\SYSTEM32\CRYPTBASE.dll
0x00007ffa11090000 - 0x00007ffa110c3000 	C:\WINDOWS\SYSTEM32\IPHLPAPI.DLL
0x00007ffa15880000 - 0x00007ffa1588a000 	C:\WINDOWS\System32\NSI.dll

dbghelp: loaded successfully - version: 4.0.5 - missing functions: none
symbol engine: initialized successfully - sym options: 0x614 - pdb path: .;C:\Program Files\Eclipse Adoptium\jdk-21.0.7.6-hotspot\bin;C:\WINDOWS\SYSTEM32;C:\WINDOWS\WinSxS\amd64_microsoft.windows.common-controls_6595b64144ccf1df_6.0.26100.4484_none_3e0e6d4ce32ef3b3;C:\Program Files\Eclipse Adoptium\jdk-21.0.7.6-hotspot\bin\server

VM Arguments:
jvm_args: -XX:TieredStopAtLevel=1 
java_command: com.iridian.movie.social.MovieSocialAppApplication
java_class_path (initial): C:\Users\iridi\movie-social-app-be-main\target\classes;C:\Users\iridi\.m2\repository\ch\qos\logback\logback-classic\1.5.18\logback-classic-1.5.18.jar;C:\Users\iridi\.m2\repository\ch\qos\logback\logback-core\1.5.18\logback-core-1.5.18.jar;C:\Users\iridi\.m2\repository\org\apache\logging\log4j\log4j-to-slf4j\2.24.3\log4j-to-slf4j-2.24.3.jar;C:\Users\iridi\.m2\repository\org\apache\logging\log4j\log4j-api\2.24.3\log4j-api-2.24.3.jar;C:\Users\iridi\.m2\repository\org\slf4j\jul-to-slf4j\2.0.17\jul-to-slf4j-2.0.17.jar;C:\Users\iridi\.m2\repository\jakarta\annotation\jakarta.annotation-api\2.1.1\jakarta.annotation-api-2.1.1.jar;C:\Users\iridi\.m2\repository\org\yaml\snakeyaml\2.4\snakeyaml-2.4.jar;C:\Users\iridi\.m2\repository\com\fasterxml\jackson\datatype\jackson-datatype-jdk8\2.19.1\jackson-datatype-jdk8-2.19.1.jar;C:\Users\iridi\.m2\repository\com\fasterxml\jackson\datatype\jackson-datatype-jsr310\2.19.1\jackson-datatype-jsr310-2.19.1.jar;C:\Users\iridi\.m2\repository\com\fasterxml\jackson\module\jackson-module-parameter-names\2.19.1\jackson-module-parameter-names-2.19.1.jar;C:\Users\iridi\.m2\repository\org\apache\tomcat\embed\tomcat-embed-core\10.1.42\tomcat-embed-core-10.1.42.jar;C:\Users\iridi\.m2\repository\org\apache\tomcat\embed\tomcat-embed-websocket\10.1.42\tomcat-embed-websocket-10.1.42.jar;C:\Users\iridi\.m2\repository\org\springframework\spring-web\6.2.8\spring-web-6.2.8.jar;C:\Users\iridi\.m2\repository\org\springframework\spring-beans\6.2.8\spring-beans-6.2.8.jar;C:\Users\iridi\.m2\repository\io\micrometer\micrometer-observation\1.15.1\micrometer-observation-1.15.1.jar;C:\Users\iridi\.m2\repository\io\micrometer\micrometer-commons\1.15.1\micrometer-commons-1.15.1.jar;C:\Users\iridi\.m2\repository\org\springframework\spring-webmvc\6.2.8\spring-webmvc-6.2.8.jar;C:\Users\iridi\.m2\repository\org\springframework\spring-context\6.2.8\spring-context-6.2.8.jar;C:\Users\iridi\.m2\repository\org\springframework\spring-expression\6.2.8\spring-expression-6.2.8.jar;C:\Users\iridi\.m2\repository\org\springframework\spring-jdbc\6.2.8\spring-jdbc-6.2.8.jar;C:\Users\iridi\.m2\repository\org\hibernate\orm\hibernate-core\6.6.18.Final\hibernate-core-6.6.18.Final.jar;C:\Users\iridi\.m2\repository\jakarta\persistence\jakarta.persistence-api\3.1.0\jakarta.persistence-api-3.1.0.jar;C:\Users\iridi\.m2\repository\jakarta\transaction\jakarta.transaction-api\2.0.1\jakarta.transaction-api-2.0.1.jar;C:\Users\iridi\.m2\repository\org\jboss\logging\jboss-logging\3.6.1.Final\jboss-logging-3.6.1.Final.jar;C:\Users\iridi\.m2\repository\org\hibernate\common\hibernate-commons-annotations\7.0.3.Final\hibernate-commons-annotations-7.0.3.Final.jar;C:\Users\iridi\.m2\repository\io\smallrye\jandex\3.2.0\jandex-3.2.0.jar;C:\Users\iridi\.m2\repository\com\fasterxml\classmate\1.7.0\classmate-1.7.0.jar;C:\Users\iridi\.m2\repository\net\bytebuddy\byte-buddy\1.17.6\byte-buddy-1.17.6.jar;C:\Users\iridi\.m2\repository\org\glassfish\jaxb\jaxb-runtime\4.0.5\jaxb-runtime-4.0.5.jar;C:\Users\iridi\.m2\repository\org\glassfish\jaxb\jaxb-core\4.0.5\jaxb-core-4.0.5.jar;C:\Users\iridi\.m2\repository\org\glassfish\jaxb\txw2\4.0.5\txw2-4.0.5.jar;C:\Users\iridi\.m2\repository\com\sun\istack\istack-commons-runtime\4.1.2\istack-commons-runtime-4.1.2.jar;C:\Users\iridi\.m2\repository\jakarta\inject\jakarta.inject-api\2.0.1\jakarta.inject-api-2.0.1.jar;C:\Users\iridi\.m2\repository\org\antlr\antlr4-runtime\4.13.0\antlr4-runtime-4.13.0.jar;C:\Users\iridi\.m2\repository\org\springframework\data\spring-data-jpa\3.5.1\spring-data-jpa-3.5.1.jar;C:\Users\iridi\.m2\repository\org\springframework\data\spring-data-commons\3.5.1\spring-data-commons-3.5.1.jar;C:\Users\iridi\.m2\repository\org\springframework\spring-orm\6.2.8\spring-orm-6.2.8.jar;C:\Users\iridi\.m2\repository\org\springframework\spring-tx\6.2.8\spring-tx-6.2.8.jar;C:\Users\iridi\.m2\repository\org\springframework\spring-aspects\6.2.8\spring-aspects-6.2.8.jar;C:\Users\iridi\.m2\repository\org\aspectj\aspectjweaver\1.9.24\aspectjweaver-1.9.24.jar;C:\Users\iridi\.m2\repository\org\apache\tomcat\embed\tomcat-embed-el\10.1.42\tomcat-embed-el-10.1.42.jar;C:\Users\iridi\.m2\repository\org\hibernate\validator\hibernate-validator\8.0.2.Final\hibernate-validator-8.0.2.Final.jar;C:\Users\iridi\.m2\repository\jakarta\validation\jakarta.validation-api\3.0.2\jakarta.validation-api-3.0.2.jar;C:\Users\iridi\.m2\repository\org\springframework\spring-aop\6.2.8\spring-aop-6.2.8.jar;C:\Users\iridi\.m2\repository\org\springframework\security\spring-security-config\6.5.1\spring-security-config-6.5.1.jar;C:\Users\iridi\.m2\repository\org\springframework\security\spring-security-web\6.5.1\spring-security-web-6.5.1.jar;C:\Users\iridi\.m2\repository\org\springframework\security\spring-security-core\6.5.1\spring-security-core-6.5.1.jar;C:\Users\iridi\.m2\repository\org\springframework\security\spring-security-crypto\6.5.1\spring-security-crypto-6.5.1.jar;C:\Users\iridi\.m2\repository\org\springframework\security\spring-security-oauth2-resource-server\6.5.1\spring-security-oauth2-resource-server-6.5.1.jar;C:\Users\iridi\.m2\repository\org\springframework\security\spring-security-oauth2-core\6.5.1\spring-security-oauth2-core-6.5.1.jar;C:\Users\iridi\.m2\repository\org\springframework\security\spring-security-oauth2-jose\6.5.1\spring-security-oauth2-jose-6.5.1.jar;C:\Users\iridi\.m2\repository\com\nimbusds\nimbus-jose-jwt\9.37.3\nimbus-jose-jwt-9.37.3.jar;C:\Users\iridi\.m2\repository\com\github\stephenc\jcip\jcip-annotations\1.0-1\jcip-annotations-1.0-1.jar;C:\Users\iridi\.m2\repository\me\paulschwarz\spring-dotenv\2.5.4\spring-dotenv-2.5.4.jar;C:\Users\iridi\.m2\repository\io\github\cdimascio\dotenv-java\2.2.3\dotenv-java-2.2.3.jar;C:\Users\iridi\.m2\repository\io\projectreactor\netty\reactor-netty-http\1.2.7\reactor-netty-http-1.2.7.jar;C:\Users\iridi\.m2\repository\io\netty\netty-codec-http\4.1.122.Final\netty-codec-http-4.1.122.Final.jar;C:\Users\iridi\.m2\repository\io\netty\netty-common\4.1.122.Final\netty-common-4.1.122.Final.jar;C:\Users\iridi\.m2\repository\io\netty\netty-buffer\4.1.122.Final\netty-buffer-4.1.122.Final.jar;C:\Users\iridi\.m2\repository\io\netty\netty-transport\4.1.122.Final\netty-transport-4.1.122.Final.jar;C:\Users\iridi\.m2\repository\io\netty\netty-codec\4.1.122.Final\netty-codec-4.1.122.Final.jar;C:\Users\iridi\.m2\repository\io\netty\netty-handler\4.1.122.Final\netty-handler-4.1.122.Final.jar;C:\Users\iridi\.m2\repository\io\netty\netty-codec-http2\4.1.122.Final\netty-codec-http2-4.1.122.Final.jar;C:\Users\iridi\.m2\repository\io\netty\netty-resolver-dns\4.1.122.Final\netty-resolver-dns-4.1.122.Final.jar;C:\Users\iridi\.m2\repository\io\netty\netty-resolver\4.1.122.Final\netty-resolver-4.1.122.Final.jar;C:\Users\iridi\.m2\repository\io\netty\netty-codec-dns\4.1.122.Final\netty-codec-dns-4.1.122.Final.jar;C:\Users\iridi\.m2\repository\io\netty\netty-resolver-dns-native-macos\4.1.122.Final\netty-resolver-dns-native-macos-4.1.122.Final-osx-x86_64.jar;C:\Users\iridi\.m2\repository\io\netty\netty-resolver-dns-classes-macos\4.1.122.Final\netty-resolver-dns-classes-macos-4.1.122.Final.jar;C:\Users\iridi\.m2\repository\io\netty\netty-transport-native-epoll\4.1.122.Final\netty-transport-native-epoll-4.1.122.Final-linux-x86_64.jar;C:\Users\iridi\.m2\repository\io\netty\netty-transport-native-unix-common\4.1.122.Final\netty-transport-native-unix-common-4.1.122.Final.jar;C:\Users\iridi\.m2\repository\io\netty\netty-transport-classes-epoll\4.1.122.Final\netty-transport-classes-epoll-4.1.122.Final.jar;C:\Users\iridi\.m2\repository\io\projectreactor\netty\reactor-netty-core\1.2.7\reactor-netty-core-1.2.7.jar;C:\Users\iridi\.m2\repository\io\netty\netty-handler-proxy\4.1.122.Final\netty-handler-proxy-4.1.122.Final.jar;C:\Users\iridi\.m2\repository\io\netty\netty-codec-socks\4.1.122.Final\netty-codec-socks-4.1.122.Final.jar;C:\Users\iridi\.m2\repository\org\springframework\spring-webflux\6.2.8\spring-webflux-6.2.8.jar;C:\Users\iridi\.m2\repository\io\projectreactor\reactor-core\3.7.7\reactor-core-3.7.7.jar;C:\Users\iridi\.m2\repository\org\reactivestreams\reactive-streams\1.0.4\reactive-streams-1.0.4.jar;C:\Users\iridi\.m2\repository\io\jsonwebtoken\jjwt-api\0.11.5\jjwt-api-0.11.5.jar;C:\Users\iridi\.m2\repository\io\jsonwebtoken\jjwt-impl\0.11.5\jjwt-impl-0.11.5.jar;C:\Users\iridi\.m2\repository\io\jsonwebtoken\jjwt-jackson\0.11.5\jjwt-jackson-0.11.5.jar;C:\Users\iridi\.m2\repository\com\fasterxml\jackson\core\jackson-databind\2.19.1\jackson-databind-2.19.1.jar;C:\Users\iridi\.m2\repository\com\fasterxml\jackson\core\jackson-annotations\2.19.1\jackson-annotations-2.19.1.jar;C:\Users\iridi\.m2\repository\com\fasterxml\jackson\core\jackson-core\2.19.1\jackson-core-2.19.1.jar;C:\Users\iridi\.m2\repository\org\springframework\spring-context-support\6.2.8\spring-context-support-6.2.8.jar;C:\Users\iridi\.m2\repository\org\eclipse\angus\jakarta.mail\2.0.3\jakarta.mail-2.0.3.jar;C:\Users\iridi\.m2\repository\jakarta\activation\jakarta.activation-api\2.1.3\jakarta.activation-api-2.1.3.jar;C:\Users\iridi\.m2\repository\org\eclipse\angus\angus-activation\2.0.2\angus-activation-2.0.2.jar;C:\Users\iridi\.m2\repository\org\postgresql\postgresql\42.7.7\postgresql-42.7.7.jar;C:\Users\iridi\.m2\repository\org\checkerframework\checker-qual\3.49.3\checker-qual-3.49.3.jar;C:\Users\iridi\.m2\repository\com\h2database\h2\2.3.232\h2-2.3.232.jar;C:\Users\iridi\.m2\repository\com\zaxxer\HikariCP\6.3.0\HikariCP-6.3.0.jar;C:\Users\iridi\.m2\repository\org\slf4j\slf4j-api\2.0.17\slf4j-api-2.0.17.jar;C:\Users\iridi\.m2\repository\org\springframework\boot\spring-boot-devtools\3.5.3\spring-boot-devtools-3.5.3.jar;C:\Users\iridi\.m2\repository\org\springframework\boot\spring-boot\3.5.3\spring-boot-3.5.3.jar;C:\Users\iridi\.m2\repository\org\springframework\boot\spring-boot-autoconfigure\3.5.3\spring-boot-autoconfigure-3.5.3.jar;C:\Users\iridi\.m2\repository\jakarta\xml\bind\jakarta.xml.bind-api\4.0.2\jakarta.xml.bind-api-4.0.2.jar;C:\Users\iridi\.m2\repository\org\springframework\spring-core\6.2.8\spring-core-6.2.8.jar;C:\Users\iridi\.m2\repository\org\springframework\spring-jcl\6.2.8\spring-jcl-6.2.8.jar
Launcher Type: SUN_STANDARD

[Global flags]
     intx CICompilerCount                          = 4                                         {product} {ergonomic}
     uint ConcGCThreads                            = 3                                         {product} {ergonomic}
     uint G1ConcRefinementThreads                  = 10                                        {product} {ergonomic}
   size_t G1HeapRegionSize                         = 1048576                                   {product} {ergonomic}
    uintx GCDrainStackTargetSize                   = 64                                        {product} {ergonomic}
   size_t InitialHeapSize                          = 123731968                                 {product} {ergonomic}
   size_t MarkStackSize                            = 4194304                                   {product} {ergonomic}
   size_t MaxHeapSize                              = 1975517184                                {product} {ergonomic}
   size_t MaxNewSize                               = 1184890880                                {product} {ergonomic}
   size_t MinHeapDeltaBytes                        = 1048576                                   {product} {ergonomic}
   size_t MinHeapSize                              = 8388608                                   {product} {ergonomic}
    uintx NonNMethodCodeHeapSize                   = 4096                                   {pd product} {ergonomic}
    uintx NonProfiledCodeHeapSize                  = 0                                      {pd product} {ergonomic}
     bool ProfileInterpreter                       = false                                  {pd product} {command line}
    uintx ProfiledCodeHeapSize                     = 0                                      {pd product} {ergonomic}
   size_t SoftMaxHeapSize                          = 1975517184                             {manageable} {ergonomic}
     intx TieredStopAtLevel                        = 1                                         {product} {command line}
     bool UseCompressedOops                        = true                           {product lp64_product} {ergonomic}
     bool UseG1GC                                  = true                                      {product} {ergonomic}
     bool UseLargePagesIndividualAllocation        = false                                  {pd product} {ergonomic}

Logging:
Log output configuration:
 #0: stdout all=warning uptime,level,tags foldmultilines=false
 #1: stderr all=off uptime,level,tags foldmultilines=false

Environment Variables:
JAVA_HOME=C:/Program Files/Eclipse Adoptium/jdk-21.0.7.6-hotspot
PATH=C:\Users\iridi\bin;C:\Program Files\Git\mingw64\bin;C:\Program Files\Git\usr\local\bin;C:\Program Files\Git\usr\bin;C:\Program Files\Git\usr\bin;C:\Program Files\Git\mingw64\bin;C:\Program Files\Git\usr\bin;C:\Users\iridi\bin;C:\Program Files\Eclipse Adoptium\jdk-21.0.7.6-hotspot\bin;C:\Program Files\Eclipse Adoptium\jdk-21.0.7.6-hotspot\bin;C:\Users\iridi\AppData\Local\Microsoft\WindowsApps;C:\Users\iridi\AppData\Local\Programs\Microsoft VS Code\bin;C:\Program Files\heroku\bin;C:\Program Files\MySQL\MySQL Server 8.0\bin;C:\Users\iridi\AppData\Roaming\nvm;C:\Program Files\nodejs;C:\Program Files\MongoDB\Server\4.4\bin;C:\Program Files\maven\apache-maven-3.9.4\bin;C:\GnuWin\bin;C:\Users\iridi\AppData\Local\Pandoc;C:\Users\iridi\AppData\Roaming\npm;C:\Program Files\PostgreSQL\17\bin;C:\Program Files\Git\usr\bin\vendor_perl;C:\Program Files\Git\usr\bin\core_perl
USERNAME=iridi
SHELL=C:\Program Files\Git\usr\bin\bash.exe
DISPLAY=needs-to-be-defined
LANG=en_US.UTF-8
TERM=xterm-256color
TMPDIR=C:\Users\iridi\AppData\Local\Temp
OS=Windows_NT
PROCESSOR_IDENTIFIER=AMD64 Family 25 Model 80 Stepping 0, AuthenticAMD
TMP=C:\Users\iridi\AppData\Local\Temp
TEMP=C:\Users\iridi\AppData\Local\Temp




Periodic native trim disabled

---------------  S Y S T E M  ---------------

OS:
 Windows 11 , 64 bit Build 26100 (10.0.26100.4484)
OS uptime: 3 days 10:54 hours
Hyper-V role detected

CPU: total 12 (initial active 12) (12 cores per cpu, 2 threads per core) family 25 model 80 stepping 0 microcode 0xa500014, cx8, cmov, fxsr, ht, mmx, 3dnowpref, sse, sse2, sse3, ssse3, sse4a, sse4.1, sse4.2, popcnt, lzcnt, tsc, tscinvbit, avx, avx2, aes, erms, clmul, bmi1, bmi2, adx, sha, fma, vzeroupper, clflush, clflushopt, hv, rdtscp, rdpid, fsrm, f16c, cet_ss
Processor Information for the first 12 processors :
  Max Mhz: 2301, Current Mhz: 2301, Mhz Limit: 2301

Memory: 4k page, system-wide physical 7528M (777M free)
TotalPageFile size 31080M (AvailPageFile size 31M)
current process WorkingSet (physical memory assigned to process): 173M, peak: 174M
current process commit charge ("private bytes"): 220M, peak: 243M

vm_info: OpenJDK 64-Bit Server VM (21.0.7+6-LTS) for windows-amd64 JRE (21.0.7+6-LTS), built on 2025-04-15T00:00:00Z by "admin" with MS VC++ 17.7 (VS2022)

END.
